Started GET "/" for 127.0.0.1 at 2023-07-17 06:10:04 -0400
Processing by Rails::WelcomeController#index as HTML
  Rendering /var/lib/gems/3.0.0/gems/railties-7.0.6/lib/rails/templates/rails/welcome/index.html.erb
  Rendered /var/lib/gems/3.0.0/gems/railties-7.0.6/lib/rails/templates/rails/welcome/index.html.erb (Duration: 15.1ms | Allocations: 931)
Completed 200 OK in 135ms (Views: 37.2ms | ActiveRecord: 0.0ms | Allocations: 10755)


Started GET "/" for 127.0.0.1 at 2023-07-17 06:14:01 -0400
Processing by Rails::WelcomeController#index as HTML
  Rendering /var/lib/gems/3.0.0/gems/railties-7.0.6/lib/rails/templates/rails/welcome/index.html.erb
  Rendered /var/lib/gems/3.0.0/gems/railties-7.0.6/lib/rails/templates/rails/welcome/index.html.erb (Duration: 2.1ms | Allocations: 490)
Completed 200 OK in 5ms (Views: 4.0ms | Allocations: 1550)


Started GET "/pages/hello" for ::1 at 2023-07-17 06:14:17 -0400
Processing by PagesController#hello as HTML
  Rendering layout layouts/application.html.erb
  Rendering pages/hello.html.erb within layouts/application
  Rendered pages/hello.html.erb within layouts/application (Duration: 1.6ms | Allocations: 135)
  Rendered layout layouts/application.html.erb (Duration: 618.4ms | Allocations: 95713)
Completed 200 OK in 623ms (Views: 621.3ms | Allocations: 96993)


Started GET "/" for 127.0.0.1 at 2023-07-17 06:16:55 -0400
Processing by PagesController#hello as HTML
  Rendering layout layouts/application.html.erb
  Rendering pages/hello.html.erb within layouts/application
  Rendered pages/hello.html.erb within layouts/application (Duration: 0.1ms | Allocations: 12)
  Rendered layout layouts/application.html.erb (Duration: 20.0ms | Allocations: 14100)
Completed 200 OK in 24ms (Views: 23.0ms | Allocations: 14956)


